<?xml version="1.0" encoding="UTF-8"?>
<testsuite xmlns:xsi="http://www.w3.org/2001/XMLSchema-instance" xsi:noNamespaceSchemaLocation="https://maven.apache.org/surefire/maven-surefire-plugin/xsd/surefire-test-report.xsd" name="testrunners.UberTest" time="2.454" tests="4" errors="0" skipped="0" failures="0">
  <properties>
[...]
</properties>
  <testcase name="Booking Cab Sedan" classname="Uber Booking Feature" time="0.469"/>
  <testcase name="Booking Cab SUV" classname="Uber Booking Feature" time="0.362"/>
  <testcase name="Booking Cab Mini" classname="Uber Booking Feature" time="0.299"/>
  <testcase name="Booking Cab Hatchback" classname="Uber Booking Feature" time="0.226"/>
</testsuite>